<?xml version="1.0" encoding="UTF-8"?>
<!-- Generated by org.testng.reporters.JUnitXMLReporter -->
<testsuite hostname="DESKTOP-MUE1MC5" ignored="0" name="Regression Validate title Test" tests="3" failures="2" timestamp="08 Sep 2019 15:49:00 GMT" time="0.032" errors="0">
  <testcase name="test2" time="0.009" classname="testngPractice.testngTest_2">
    <failure type="java.lang.AssertionError" message="null">
      <![CDATA[java.lang.AssertionError: null
at testngPractice.testngTest_2.test2(testngTest_2.java:12)
... Removed 27 stack frames]]>
    </failure>
  </testcase> <!-- test2 -->
  <testcase name="test22" time="0.002" classname="testngPractice.testngTest_2">
    <skipped/>
  </testcase> <!-- test22 -->
  <testcase name="test222" time="0.001" classname="testngPractice.testngTest_2">
    <failure type="java.lang.AssertionError" message="null">
      <![CDATA[java.lang.AssertionError: null
at testngPractice.testngTest_2.test222(testngTest_2.java:24)
... Removed 27 stack frames]]>
    </failure>
  </testcase> <!-- test222 -->
</testsuite> <!-- Regression Validate title Test -->
